-------------------------------------------------------------------------------
Test set: com.yx.oa.service.UserServiceTest
-------------------------------------------------------------------------------
Tests run: 1, Failures: 0, Errors: 1, Skipped: 0, Time elapsed: 0.485 sec <<< FAILURE! - in com.yx.oa.service.UserServiceTest
checkLogin(com.yx.oa.service.UserServiceTest)  Time elapsed: 0.443 sec  <<< ERROR!
java.lang.ExceptionInInitializerError
	at com.yx.oa.service.UserServiceTest.checkLogin(UserServiceTest.java:11)
Caused by: org.apache.ibatis.exceptions.PersistenceException: 

### Error building SqlSession.
### The error may exist in SQL Mapper Configuration
### Cause: org.apache.ibatis.builder.BuilderException: Error parsing SQL Mapper Configuration. Cause: java.lang.RuntimeException: java.sql.SQLSyntaxErrorException: Unknown database 'imooc'
	at com.yx.oa.service.UserServiceTest.checkLogin(UserServiceTest.java:11)
Caused by: org.apache.ibatis.builder.BuilderException: Error parsing SQL Mapper Configuration. Cause: java.lang.RuntimeException: java.sql.SQLSyntaxErrorException: Unknown database 'imooc'
	at com.yx.oa.service.UserServiceTest.checkLogin(UserServiceTest.java:11)
Caused by: java.lang.RuntimeException: java.sql.SQLSyntaxErrorException: Unknown database 'imooc'
	at com.yx.oa.service.UserServiceTest.checkLogin(UserServiceTest.java:11)
Caused by: java.sql.SQLSyntaxErrorException: Unknown database 'imooc'
	at com.yx.oa.service.UserServiceTest.checkLogin(UserServiceTest.java:11)

